# JRE version: Java(TM) SE Runtime Environment (7.0_79-b15) (build 1.7.0_79-b15)
# Java VM: Java HotSpot(TM) 64-Bit Server VM (24.79-b02 mixed mode windows-amd64 compressed oops)
Heap
 PSYoungGen      total 288768K, used 27898K [0x00000007d5c80000, 0x00000007ea080000, 0x0000000800000000)
  eden space 259584K, 0% used [0x00000007d5c80000,0x00000007d5c80a68,0x00000007e5a00000)
  from space 29184K, 95% used [0x00000007e7b00000,0x00000007e963df28,0x00000007e9780000)
  to   space 33792K, 0% used [0x00000007e5a00000,0x00000007e5a00000,0x00000007e7b00000)
 ParOldGen       total 86016K, used 41153K [0x0000000781600000, 0x0000000786a00000, 0x00000007d5c80000)
  object space 86016K, 47% used [0x0000000781600000,0x0000000783e30740,0x0000000786a00000)
 PSPermGen       total 83968K, used 83955K [0x000000077c400000, 0x0000000781600000, 0x0000000781600000)
  object space 83968K, 99% used [0x000000077c400000,0x00000007815fce50,0x0000000781600000)
GC Heap History (10 events):
Event: 1.932 GC heap after
Heap after GC invocations=4 (full 0):
 PSYoungGen      total 71680K, used 5103K [0x00000007d5c80000, 0x00000007da780000, 0x0000000800000000)
  eden space 66560K, 0% used [0x00000007d5c80000,0x00000007d5c80000,0x00000007d9d80000)
  from space 5120K, 99% used [0x00000007da280000,0x00000007da77bca0,0x00000007da780000)
  to   space 5120K, 0% used [0x00000007d9d80000,0x00000007d9d80000,0x00000007da280000)
 ParOldGen       total 86016K, used 4122K [0x0000000781600000, 0x0000000786a00000, 0x00000007d5c80000)
  object space 86016K, 4% used [0x0000000781600000,0x0000000781a068b0,0x0000000786a00000)
 PSPermGen       total 21504K, used 20953K [0x000000077c400000, 0x000000077d900000, 0x0000000781600000)
  object space 21504K, 97% used [0x000000077c400000,0x000000077d876410,0x000000077d900000)
}
Event: 2.838 GC heap before
{Heap before GC invocations=5 (full 0):
 PSYoungGen      total 71680K, used 71663K [0x00000007d5c80000, 0x00000007da780000, 0x0000000800000000)
  eden space 66560K, 100% used [0x00000007d5c80000,0x00000007d9d80000,0x00000007d9d80000)
  from space 5120K, 99% used [0x00000007da280000,0x00000007da77bca0,0x00000007da780000)
  to   space 5120K, 0% used [0x00000007d9d80000,0x00000007d9d80000,0x00000007da280000)
 ParOldGen       total 86016K, used 4122K [0x0000000781600000, 0x0000000786a00000, 0x00000007d5c80000)
  object space 86016K, 4% used [0x0000000781600000,0x0000000781a068b0,0x0000000786a00000)
 PSPermGen       total 29184K, used 28839K [0x000000077c400000, 0x000000077e080000, 0x0000000781600000)
  object space 29184K, 98% used [0x000000077c400000,0x000000077e029c60,0x000000077e080000)
Event: 2.849 GC heap after
Heap after GC invocations=5 (full 0):
 PSYoungGen      total 71680K, used 5107K [0x00000007d5c80000, 0x00000007df580000, 0x0000000800000000)
  eden space 66560K, 0% used [0x00000007d5c80000,0x00000007d5c80000,0x00000007d9d80000)
  from space 5120K, 99% used [0x00000007d9d80000,0x00000007da27cd20,0x00000007da280000)
  to   space 11776K, 0% used [0x00000007dea00000,0x00000007dea00000,0x00000007df580000)
 ParOldGen       total 86016K, used 11195K [0x0000000781600000, 0x0000000786a00000, 0x00000007d5c80000)
  object space 86016K, 13% used [0x0000000781600000,0x00000007820eeed8,0x0000000786a00000)
 PSPermGen       total 29184K, used 28839K [0x000000077c400000, 0x000000077e080000, 0x0000000781600000)
  object space 29184K, 98% used [0x000000077c400000,0x000000077e029c60,0x000000077e080000)
}
Event: 3.320 GC heap before
{Heap before GC invocations=6 (full 0):
 PSYoungGen      total 71680K, used 71667K [0x00000007d5c80000, 0x00000007df580000, 0x0000000800000000)
  eden space 66560K, 100% used [0x00000007d5c80000,0x00000007d9d80000,0x00000007d9d80000)
  from space 5120K, 99% used [0x00000007d9d80000,0x00000007da27cd20,0x00000007da280000)
  to   space 11776K, 0% used [0x00000007dea00000,0x00000007dea00000,0x00000007df580000)
 ParOldGen       total 86016K, used 11195K [0x0000000781600000, 0x0000000786a00000, 0x00000007d5c80000)
  object space 86016K, 13% used [0x0000000781600000,0x00000007820eeed8,0x0000000786a00000)
 PSPermGen       total 32256K, used 31827K [0x000000077c400000, 0x000000077e380000, 0x0000000781600000)
  object space 32256K, 98% used [0x000000077c400000,0x000000077e314d40,0x000000077e380000)
Event: 3.336 GC heap after
Heap after GC invocations=6 (full 0):
 PSYoungGen      total 143872K, used 10163K [0x00000007d5c80000, 0x00000007df780000, 0x0000000800000000)
  eden space 132096K, 0% used [0x00000007d5c80000,0x00000007d5c80000,0x00000007ddd80000)
  from space 11776K, 86% used [0x00000007dea00000,0x00000007df3ece58,0x00000007df580000)
  to   space 12800K, 0% used [0x00000007ddd80000,0x00000007ddd80000,0x00000007dea00000)
 ParOldGen       total 86016K, used 11195K [0x0000000781600000, 0x0000000786a00000, 0x00000007d5c80000)
  object space 86016K, 13% used [0x0000000781600000,0x00000007820eeed8,0x0000000786a00000)
 PSPermGen       total 32256K, used 31827K [0x000000077c400000, 0x000000077e380000, 0x0000000781600000)
  object space 32256K, 98% used [0x000000077c400000,0x000000077e314d40,0x000000077e380000)
}
Event: 44.221 GC heap before
{Heap before GC invocations=7 (full 0):
 PSYoungGen      total 143872K, used 142259K [0x00000007d5c80000, 0x00000007df780000, 0x0000000800000000)
  eden space 132096K, 100% used [0x00000007d5c80000,0x00000007ddd80000,0x00000007ddd80000)
  from space 11776K, 86% used [0x00000007dea00000,0x00000007df3ece58,0x00000007df580000)
  to   space 12800K, 0% used [0x00000007ddd80000,0x00000007ddd80000,0x00000007dea00000)
 ParOldGen       total 86016K, used 11195K [0x0000000781600000, 0x0000000786a00000, 0x00000007d5c80000)
  object space 86016K, 13% used [0x0000000781600000,0x00000007820eeed8,0x0000000786a00000)
 PSPermGen       total 61952K, used 61731K [0x000000077c400000, 0x0000000780080000, 0x0000000781600000)
  object space 61952K, 99% used [0x000000077c400000,0x0000000780048fb0,0x0000000780080000)
Event: 44.246 GC heap after
Heap after GC invocations=7 (full 0):
 PSYoungGen      total 144896K, used 12785K [0x00000007d5c80000, 0x00000007e9780000, 0x0000000800000000)
  eden space 132096K, 0% used [0x00000007d5c80000,0x00000007d5c80000,0x00000007ddd80000)
  from space 12800K, 99% used [0x00000007ddd80000,0x00000007de9fc740,0x00000007dea00000)
  to   space 29184K, 0% used [0x00000007e7b00000,0x00000007e7b00000,0x00000007e9780000)
 ParOldGen       total 86016K, used 39761K [0x0000000781600000, 0x0000000786a00000, 0x00000007d5c80000)
  object space 86016K, 46% used [0x0000000781600000,0x0000000783cd4488,0x0000000786a00000)
 PSPermGen       total 61952K, used 61731K [0x000000077c400000, 0x0000000780080000, 0x0000000781600000)
  object space 61952K, 99% used [0x000000077c400000,0x0000000780048fb0,0x0000000780080000)
}
Event: 51.989 GC heap before
{Heap before GC invocations=8 (full 0):
 PSYoungGen      total 144896K, used 81893K [0x00000007d5c80000, 0x00000007e9780000, 0x0000000800000000)
  eden space 132096K, 52% used [0x00000007d5c80000,0x00000007d9ffcfc8,0x00000007ddd80000)
  from space 12800K, 99% used [0x00000007ddd80000,0x00000007de9fc740,0x00000007dea00000)
  to   space 29184K, 0% used [0x00000007e7b00000,0x00000007e7b00000,0x00000007e9780000)
 ParOldGen       total 86016K, used 39761K [0x0000000781600000, 0x0000000786a00000, 0x00000007d5c80000)
  object space 86016K, 46% used [0x0000000781600000,0x0000000783cd4488,0x0000000786a00000)
 PSPermGen       total 83968K, used 83955K [0x000000077c400000, 0x0000000781600000, 0x0000000781600000)
  object space 83968K, 99% used [0x000000077c400000,0x00000007815fce50,0x0000000781600000)
Event: 52.007 GC heap after
Heap after GC invocations=8 (full 0):
 PSYoungGen      total 288768K, used 27895K [0x00000007d5c80000, 0x00000007ea080000, 0x0000000800000000)
  eden space 259584K, 0% used [0x00000007d5c80000,0x00000007d5c80000,0x00000007e5a00000)
  from space 29184K, 95% used [0x00000007e7b00000,0x00000007e963df28,0x00000007e9780000)
  to   space 33792K, 0% used [0x00000007e5a00000,0x00000007e5a00000,0x00000007e7b00000)
 ParOldGen       total 86016K, used 41153K [0x0000000781600000, 0x0000000786a00000, 0x00000007d5c80000)
  object space 86016K, 47% used [0x0000000781600000,0x0000000783e30740,0x0000000786a00000)
 PSPermGen       total 83968K, used 83955K [0x000000077c400000, 0x0000000781600000, 0x0000000781600000)
  object space 83968K, 99% used [0x000000077c400000,0x00000007815fce50,0x0000000781600000)
}
Event: 52.007 GC heap before
{Heap before GC invocations=9 (full 1):
 PSYoungGen      total 288768K, used 27895K [0x00000007d5c80000, 0x00000007ea080000, 0x0000000800000000)
  eden space 259584K, 0% used [0x00000007d5c80000,0x00000007d5c80000,0x00000007e5a00000)
  from space 29184K, 95% used [0x00000007e7b00000,0x00000007e963df28,0x00000007e9780000)
  to   space 33792K, 0% used [0x00000007e5a00000,0x00000007e5a00000,0x00000007e7b00000)
 ParOldGen       total 86016K, used 41153K [0x0000000781600000, 0x0000000786a00000, 0x00000007d5c80000)
  object space 86016K, 47% used [0x0000000781600000,0x0000000783e30740,0x0000000786a00000)
 PSPermGen       total 83968K, used 83955K [0x000000077c400000, 0x0000000781600000, 0x0000000781600000)
  object space 83968K, 99% used [0x000000077c400000,0x00000007815fce50,0x0000000781600000)

